#
# A fatal error has been detected by the Java Runtime Environment:
#
#  EXCEPTION_ACCESS_VIOLATION (0xc0000005) at pc=0x00007ffcedc33663, pid=7348, tid=13468
#
# JRE version: OpenJDK Runtime Environment Corretto-15.0.2.7.1 (15.0.2+7) (build 15.0.2+7)
# Java VM: OpenJDK 64-Bit Server VM Corretto-15.0.2.7.1 (15.0.2+7, mixed mode, sharing, tiered, compressed oops, g1 gc, windows-amd64)
# Problematic frame:
# V  [jvm.dll+0x143663]
#
# No core dump will be written. Minidumps are not enabled by default on client versions of Windows
#
# If you would like to submit a bug report, please visit:
#   https://github.com/corretto/corretto-jdk/issues/
#

---------------  S U M M A R Y ------------

Command Line: -javaagent:E:\Estudos\ideaIC-2024.3.2.2.win\lib\idea_rt.jar=56841 -Dfile.encoding=UTF-8 com.algaworks.algafood.AlgafoodApiApplication

Host: Intel(R) Core(TM) i5-3570 CPU @ 3.40GHz, 4 cores, 15G,  Windows 10 , 64 bit Build 22621 (10.0.22621.4830)
Time: Fri Mar  7 15:48:55 2025 Hora oficial do Brasil elapsed time: 4.090501 seconds (0d 0h 0m 4s)

---------------  T H R E A D  ---------------

Current thread (0x000002bfff9384a0):  JavaThread "C1 CompilerThread0" daemon [_thread_in_native, id=13468, stack(0x000000cfb5a00000,0x000000cfb5b00000)]


Current CompileTask:
C1:   4090 2826       3       org.springframework.asm.ClassReader::readCode (5085 bytes)

Stack: [0x000000cfb5a00000,0x000000cfb5b00000],  sp=0x000000cfb5afd798,  free space=1013k
Native frames: (J=compiled Java code, j=interpreted, Vv=VM code, C=native code)
V  [jvm.dll+0x143663]
V  [jvm.dll+0x13ebd3]
V  [jvm.dll+0x13e419]
V  [jvm.dll+0x1479ab]
V  [jvm.dll+0x13f518]
V  [jvm.dll+0x142abf]
V  [jvm.dll+0xfee55]
V  [jvm.dll+0xfe6df]
V  [jvm.dll+0xfe90f]
V  [jvm.dll+0xfdba4]
V  [jvm.dll+0xffab7]
V  [jvm.dll+0x1e0454]
V  [jvm.dll+0x1de59b]
V  [jvm.dll+0x75c4ad]
V  [jvm.dll+0x7553aa]
V  [jvm.dll+0x5f6896]
C  [ucrtbase.dll+0x29333]
C  [KERNEL32.DLL+0x1259d]
C  [ntdll.dll+0x5af38]


siginfo: EXCEPTION_ACCESS_VIOLATION (0xc0000005), reading address 0x0000000000000008


Register to memory mapping:

RIP=0x00007ffcedc33663 jvm.dll
RAX=0x0 is NULL
RBX=0x000002bfa2f3ff70 points into unknown readable memory: 0x0000000c00000006 | 06 00 00 00 0c 00 00 00
RCX=0x0 is NULL
RDX=0x000002bfa4371c20 points into unknown readable memory: 0x0000000b0000057c | 7c 05 00 00 0b 00 00 00
RSP=0x000000cfb5afd798 is pointing into the stack for thread: 0x000002bfff9384a0
RBP=0x000000007fffff01 is an unknown value
RSI=0x000002bfa4371c20 points into unknown readable memory: 0x0000000b0000057c | 7c 05 00 00 0b 00 00 00
RDI=0x000002bfa4371c20 points into unknown readable memory: 0x0000000b0000057c | 7c 05 00 00 0b 00 00 00
R8 =0x00000000ffffffff is an unknown value
R9 =0x000002bfff96b760 points into unknown readable memory: 0x7fffffff7fffffff | ff ff ff 7f ff ff ff 7f
R10=0x000002bfa4371b50 points into unknown readable memory: 0x000000110000057b | 7b 05 00 00 11 00 00 00
R11=0x000000cfb5afde50 is pointing into the stack for thread: 0x000002bfff9384a0
R12=0x000002bfa4391ba0 points into unknown readable memory: 0x00007ffcee36bcc8 | c8 bc 36 ee fc 7f 00 00
R13=0x000000cfb5afeca0 is pointing into the stack for thread: 0x000002bfff9384a0
R14=0x0 is NULL
R15=0x0 is NULL


Registers:
RAX=0x0000000000000000, RBX=0x000002bfa2f3ff70, RCX=0x0000000000000000, RDX=0x000002bfa4371c20
RSP=0x000000cfb5afd798, RBP=0x000000007fffff01, RSI=0x000002bfa4371c20, RDI=0x000002bfa4371c20
R8 =0x00000000ffffffff, R9 =0x000002bfff96b760, R10=0x000002bfa4371b50, R11=0x000000cfb5afde50
R12=0x000002bfa4391ba0, R13=0x000000cfb5afeca0, R14=0x0000000000000000, R15=0x0000000000000000
RIP=0x00007ffcedc33663, EFLAGS=0x0000000000010287

Top of Stack: (sp=0x000000cfb5afd798)
0x000000cfb5afd798:   00007ffcedc2ebd3 000000cfb5afde50
0x000000cfb5afd7a8:   0000000000000000 000000cfb5afde50
0x000000cfb5afd7b8:   000002bfa4371b50 000000cfffffffff
0x000000cfb5afd7c8:   000000cfb5afd810 0000000000000000
0x000000cfb5afd7d8:   000000cfb5afeca0 000002bfa4391ba0
0x000000cfb5afd7e8:   000000cfb5afde50 00000000000016f8
0x000000cfb5afd7f8:   000000007fffff01 000002bfa4371c20
0x000000cfb5afd808:   00007ffcedc2e419 000002bf00000000
0x000000cfb5afd818:   000002bfa4371c20 000002bfa4371b50
0x000000cfb5afd828:   0000000000000048 0000000000000000
0x000000cfb5afd838:   0000000000000000 00000000000016f8
0x000000cfb5afd848:   000000007fffffff 000000cfb5afde50
0x000000cfb5afd858:   00007ffcedc379ab 00000000000016f8
0x000000cfb5afd868:   000000007fffffff 00000000000016f8
0x000000cfb5afd878:   0000000000000002 000002bf00000001
0x000000cfb5afd888:   000002bfa24e0240 000002bfa2f42160 

Instructions: (pc=0x00007ffcedc33663)
0x00007ffcedc33563:   8b 47 74 83 c1 02 41 3b c9 7e 06 8b 8f c8 01 00
0x00007ffcedc33573:   00 4c 63 4e 74 ff c8 44 8b 57 7c 48 63 d0 49 3b
0x00007ffcedc33583:   d1 7c 30 48 8b 45 38 4c 8d 04 d0 49 2b d1 48 ff
0x00007ffcedc33593:   c2 49 8b 00 44 8b 48 7c 45 3b ca 7d 0c 8b 88 cc
0x00007ffcedc335a3:   01 00 00 45 8b d1 83 c1 02 49 83 e8 08 48 83 ea
0x00007ffcedc335b3:   01 75 de 8b c1 48 8b 74 24 20 48 8b 6c 24 18 48
0x00007ffcedc335c3:   8b 5c 24 10 48 8b 3c 24 48 83 c4 08 c3 44 8b 41
0x00007ffcedc335d3:   10 41 83 e8 02 78 28 4c 8b 49 28 49 63 c0 49 8d
0x00007ffcedc335e3:   49 04 48 8d 0c 81 0f 1f 80 00 00 00 00 39 11 7d
0x00007ffcedc335f3:   14 41 83 e8 02 48 83 e9 08 48 83 e8 02 79 ee b8
0x00007ffcedc33603:   ff ff ff 7f c3 49 63 c0 41 8b 04 81 c3 48 89 5c
0x00007ffcedc33613:   24 08 48 89 7c 24 10 48 8b 59 38 48 8b fa 48 3b
0x00007ffcedc33623:   1d 30 ef 93 00 4c 8b d9 0f 84 8a 01 00 00 4c 8b
0x00007ffcedc33633:   0d 18 ef 93 00 0f 1f 84 00 00 00 00 00 44 8b 47
0x00007ffcedc33643:   4c 41 83 f8 ff 75 31 48 8b 4f 08 48 8b 41 08 49
0x00007ffcedc33653:   3b c1 74 15 66 0f 1f 84 00 00 00 00 00 48 8b c8
0x00007ffcedc33663:   48 8b 40 08 49 3b c1 75 f4 44 8b 41 04 44 89 47
0x00007ffcedc33673:   4c 4c 8b 0d d5 ee 93 00 48 8b 43 30 8b 08 44 3b
0x00007ffcedc33683:   c1 7f 61 83 f9 ff 0f 84 1b 01 00 00 45 8b 43 58
0x00007ffcedc33693:   41 8b d0 48 63 43 44 41 3b c0 7c 1d 41 3b 43 5c
0x00007ffcedc336a3:   7f 17 41 39 4c 83 68 7e 10 41 89 4c 83 68 41 8b
0x00007ffcedc336b3:   53 58 4c 8b 0d 94 ee 93 00 48 63 43 48 3b c2 0f
0x00007ffcedc336c3:   8c e2 00 00 00 41 3b 43 5c 0f 8f d8 00 00 00 41
0x00007ffcedc336d3:   39 4c 83 68 0f 8e cd 00 00 00 41 89 4c 83 68 e9
0x00007ffcedc336e3:   bc 00 00 00 48 8b 57 30 0f 1f 44 00 00 44 8b 02
0x00007ffcedc336f3:   41 3b c8 7d 17 44 39 40 04 7f 5a 48 8b 40 08 49
0x00007ffcedc33703:   3b c1 0f 84 9f 00 00 00 8b 08 eb e1 7e 16 39 4a
0x00007ffcedc33713:   04 7f 3a 48 8b 52 08 49 3b d1 0f 84 87 00 00 00
0x00007ffcedc33723:   8b 08 eb c9 44 8b 10 3b 48 04 75 0d 48 8b 40 08
0x00007ffcedc33733:   49 3b c1 74 72 8b 08 eb b4 44 3b 42 04 75 13 48
0x00007ffcedc33743:   8b 52 08 41 8b ca 49 3b d1 74 5c eb a0 44 8b c1
0x00007ffcedc33753:   eb 03 45 8b c2 41 83 f8 ff 74 4c 41 8b 53 58 8b 


Stack slot to memory mapping:
stack at sp + 0 slots: 0x00007ffcedc2ebd3 jvm.dll
stack at sp + 1 slots: 0x000000cfb5afde50 is pointing into the stack for thread: 0x000002bfff9384a0
stack at sp + 2 slots: 0x0 is NULL
stack at sp + 3 slots: 0x000000cfb5afde50 is pointing into the stack for thread: 0x000002bfff9384a0
stack at sp + 4 slots: 0x000002bfa4371b50 points into unknown readable memory: 0x000000110000057b | 7b 05 00 00 11 00 00 00
stack at sp + 5 slots: 0x000000cfffffffff is an unknown value
stack at sp + 6 slots: 0x000000cfb5afd810 is pointing into the stack for thread: 0x000002bfff9384a0
stack at sp + 7 slots: 0x0 is NULL


---------------  P R O C E S S  ---------------

Threads class SMR info:
_java_thread_list=0x000002bfa2c1de90, length=15, elements={
0x000002bffdb34fd0, 0x000002bfff9168f0, 0x000002bfff9174c0, 0x000002bfff92f870,
0x000002bfff934150, 0x000002bfff934b10, 0x000002bfff937900, 0x000002bfff9384a0,
0x000002bfff9b5580, 0x000002bfffa432e0, 0x000002bfffb99b90, 0x000002bfa1c87510,
0x000002bfa2477850, 0x000002bfa20bf1b0, 0x000002bfa26578d0
}

Java Threads: ( => current thread )
  0x000002bffdb34fd0 JavaThread "main" [_thread_blocked, id=8896, stack(0x000000cfb4c00000,0x000000cfb4d00000)]
  0x000002bfff9168f0 JavaThread "Reference Handler" daemon [_thread_blocked, id=6788, stack(0x000000cfb5400000,0x000000cfb5500000)]
  0x000002bfff9174c0 JavaThread "Finalizer" daemon [_thread_blocked, id=22000, stack(0x000000cfb5500000,0x000000cfb5600000)]
  0x000002bfff92f870 JavaThread "Signal Dispatcher" daemon [_thread_blocked, id=10636, stack(0x000000cfb5600000,0x000000cfb5700000)]
  0x000002bfff934150 JavaThread "Attach Listener" daemon [_thread_blocked, id=12540, stack(0x000000cfb5700000,0x000000cfb5800000)]
  0x000002bfff934b10 JavaThread "Service Thread" daemon [_thread_blocked, id=12640, stack(0x000000cfb5800000,0x000000cfb5900000)]
  0x000002bfff937900 JavaThread "C2 CompilerThread0" daemon [_thread_blocked, id=4720, stack(0x000000cfb5900000,0x000000cfb5a00000)]
=>0x000002bfff9384a0 JavaThread "C1 CompilerThread0" daemon [_thread_in_native, id=13468, stack(0x000000cfb5a00000,0x000000cfb5b00000)]
  0x000002bfff9b5580 JavaThread "Sweeper thread" daemon [_thread_blocked, id=15576, stack(0x000000cfb5b00000,0x000000cfb5c00000)]
  0x000002bfffa432e0 JavaThread "Common-Cleaner" daemon [_thread_blocked, id=2556, stack(0x000000cfb5c00000,0x000000cfb5d00000)]
  0x000002bfffb99b90 JavaThread "Monitor Ctrl-Break" daemon [_thread_in_native, id=18848, stack(0x000000cfb6100000,0x000000cfb6200000)]
  0x000002bfa1c87510 JavaThread "Notification Thread" daemon [_thread_blocked, id=21660, stack(0x000000cfb6200000,0x000000cfb6300000)]
  0x000002bfa2477850 JavaThread "C2 CompilerThread1" daemon [_thread_in_native, id=21460, stack(0x000000cfb6400000,0x000000cfb6500000)]
  0x000002bfa20bf1b0 JavaThread "Thread-0" [_thread_blocked, id=14612, stack(0x000000cfb6500000,0x000000cfb6600000)]
  0x000002bfa26578d0 JavaThread "restartedMain" [_thread_in_Java, id=14828, stack(0x000000cfb6600000,0x000000cfb6700000)]

Other Threads:
  0x000002bfff911580 VMThread "VM Thread" [stack: 0x000000cfb5300000,0x000000cfb5400000] [id=18132]
  0x000002bfffcdf5d0 WatcherThread [stack: 0x000000cfb6300000,0x000000cfb6400000] [id=5204]
  0x000002bffba7e7d0 GCTaskThread "GC Thread#0" [stack: 0x000000cfb4e00000,0x000000cfb4f00000] [id=15148]
  0x000002bfa1c10aa0 GCTaskThread "GC Thread#1" [stack: 0x000000cfb5e00000,0x000000cfb5f00000] [id=10260]
  0x000002bfa1c11760 GCTaskThread "GC Thread#2" [stack: 0x000000cfb5f00000,0x000000cfb6000000] [id=1612]
  0x000002bfa1c10770 GCTaskThread "GC Thread#3" [stack: 0x000000cfb6000000,0x000000cfb6100000] [id=8996]
  0x000002bffdb93d90 ConcurrentGCThread "G1 Main Marker" [stack: 0x000000cfb4f00000,0x000000cfb5000000] [id=19560]
  0x000002bffdb95990 ConcurrentGCThread "G1 Conc#0" [stack: 0x000000cfb5000000,0x000000cfb5100000] [id=17636]
  0x000002bffdbed760 ConcurrentGCThread "G1 Refine#0" [stack: 0x000000cfb5100000,0x000000cfb5200000] [id=11856]
  0x000002bffdbee360 ConcurrentGCThread "G1 Young RemSet Sampling" [stack: 0x000000cfb5200000,0x000000cfb5300000] [id=16832]

Threads with active compile tasks:
C1 CompilerThread0     4175 2826       3       org.springframework.asm.ClassReader::readCode (5085 bytes)
C2 CompilerThread1     4175 2841       4       java.io.WinNTFileSystem::normalize (224 bytes)

VM state: not at safepoint (normal execution)

VM Mutex/Monitor currently owned by a thread: None

Heap address: 0x0000000700a00000, size: 4086 MB, Compressed Oops mode: Zero based, Oop shift amount: 3
CDS archive(s) mapped at: [0x0000000800000000-0x0000000800b50000-0x0000000800b50000), size 11862016, SharedBaseAddress: 0x0000000800000000, ArchiveRelocationMode: 0.
Compressed class space mapped at: 0x0000000800b50000-0x0000000840b50000, size: 1073741824
Narrow klass base: 0x0000000800000000, Narrow klass shift: 3, Narrow klass range: 0x100000000

GC Precious Log:
 CPUs: 4 total, 4 available
 Memory: 16339M
 Large Page Support: Disabled
 NUMA Support: Disabled
 Compressed Oops: Enabled (Zero based)
 Heap Region Size: 2M
 Heap Min Capacity: 8M
 Heap Initial Capacity: 256M
 Heap Max Capacity: 4086M
 Pre-touch: Disabled
 Parallel Workers: 4
 Concurrent Workers: 1
 Concurrent Refinement Workers: 4
 Periodic GC: Disabled

Heap:
 garbage-first heap   total 61440K, used 30242K [0x0000000700a00000, 0x0000000800000000)
  region size 2048K, 13 young (26624K), 4 survivors (8192K)
 Metaspace       used 21565K, capacity 21918K, committed 22064K, reserved 1069056K
  class space    used 2582K, capacity 2684K, committed 2688K, reserved 1048576K

Heap Regions: E=young(eden), S=young(survivor), O=old, HS=humongous(starts), HC=humongous(continues), CS=collection set, F=free, OA=open archive, CA=closed archive, TAMS=top-at-mark-start (previous, next)
|   0|0x0000000700a00000, 0x0000000700c00000, 0x0000000700c00000|100%| O|  |TAMS 0x0000000700c00000, 0x0000000700a00000| Untracked 
|   1|0x0000000700c00000, 0x0000000700e00000, 0x0000000700e00000|100%| O|  |TAMS 0x0000000700e00000, 0x0000000700c00000| Untracked 
|   2|0x0000000700e00000, 0x0000000701000000, 0x0000000701000000|100%| O|  |TAMS 0x0000000701000000, 0x0000000700e00000| Untracked 
|   3|0x0000000701000000, 0x000000070111ca00, 0x0000000701200000| 55%| O|  |TAMS 0x000000070111ca00, 0x0000000701000000| Untracked 
|   4|0x0000000701200000, 0x0000000701200000, 0x0000000701400000|  0%| F|  |TAMS 0x0000000701200000, 0x0000000701200000| Untracked 
|   5|0x0000000701400000, 0x0000000701400000, 0x0000000701600000|  0%| F|  |TAMS 0x0000000701400000, 0x0000000701400000| Untracked 
|   6|0x0000000701600000, 0x0000000701600000, 0x0000000701800000|  0%| F|  |TAMS 0x0000000701600000, 0x0000000701600000| Untracked 
|   7|0x0000000701800000, 0x0000000701800000, 0x0000000701a00000|  0%| F|  |TAMS 0x0000000701800000, 0x0000000701800000| Untracked 
|   8|0x0000000701a00000, 0x0000000701a00000, 0x0000000701c00000|  0%| F|  |TAMS 0x0000000701a00000, 0x0000000701a00000| Untracked 
|   9|0x0000000701c00000, 0x0000000701c00000, 0x0000000701e00000|  0%| F|  |TAMS 0x0000000701c00000, 0x0000000701c00000| Untracked 
|  10|0x0000000701e00000, 0x0000000701e00000, 0x0000000702000000|  0%| F|  |TAMS 0x0000000701e00000, 0x0000000701e00000| Untracked 
|  11|0x0000000702000000, 0x0000000702000000, 0x0000000702200000|  0%| F|  |TAMS 0x0000000702000000, 0x0000000702000000| Untracked 
|  12|0x0000000702200000, 0x0000000702200000, 0x0000000702400000|  0%| F|  |TAMS 0x0000000702200000, 0x0000000702200000| Untracked 
|  13|0x0000000702400000, 0x0000000702400000, 0x0000000702600000|  0%| F|  |TAMS 0x0000000702400000, 0x0000000702400000| Untracked 
|  14|0x0000000702600000, 0x0000000702600000, 0x0000000702800000|  0%| F|  |TAMS 0x0000000702600000, 0x0000000702600000| Untracked 
|  15|0x0000000702800000, 0x0000000702800000, 0x0000000702a00000|  0%| F|  |TAMS 0x0000000702800000, 0x0000000702800000| Untracked 
|  16|0x0000000702a00000, 0x0000000702a00000, 0x0000000702c00000|  0%| F|  |TAMS 0x0000000702a00000, 0x0000000702a00000| Untracked 
|  17|0x0000000702c00000, 0x0000000702df9698, 0x0000000702e00000| 98%| E|  |TAMS 0x0000000702c00000, 0x0000000702c00000| Complete 
|  18|0x0000000702e00000, 0x0000000703000000, 0x0000000703000000|100%| E|CS|TAMS 0x0000000702e00000, 0x0000000702e00000| Complete 
|  19|0x0000000703000000, 0x0000000703200000, 0x0000000703200000|100%| E|CS|TAMS 0x0000000703000000, 0x0000000703000000| Complete 
|  20|0x0000000703200000, 0x0000000703400000, 0x0000000703400000|100%| E|CS|TAMS 0x0000000703200000, 0x0000000703200000| Complete 
|  21|0x0000000703400000, 0x0000000703600000, 0x0000000703600000|100%| E|CS|TAMS 0x0000000703400000, 0x0000000703400000| Complete 
|  22|0x0000000703600000, 0x0000000703800000, 0x0000000703800000|100%| E|CS|TAMS 0x0000000703600000, 0x0000000703600000| Complete 
|  23|0x0000000703800000, 0x0000000703a00000, 0x0000000703a00000|100%| E|CS|TAMS 0x0000000703800000, 0x0000000703800000| Complete 
|  24|0x0000000703a00000, 0x0000000703c00000, 0x0000000703c00000|100%| E|CS|TAMS 0x0000000703a00000, 0x0000000703a00000| Complete 
|  72|0x0000000709a00000, 0x0000000709a6c060, 0x0000000709c00000| 21%| S|CS|TAMS 0x0000000709a00000, 0x0000000709a00000| Complete 
|  73|0x0000000709c00000, 0x0000000709e00000, 0x0000000709e00000|100%| S|CS|TAMS 0x0000000709c00000, 0x0000000709c00000| Complete 
|  74|0x0000000709e00000, 0x000000070a000000, 0x000000070a000000|100%| S|CS|TAMS 0x0000000709e00000, 0x0000000709e00000| Complete 
|  75|0x000000070a000000, 0x000000070a200000, 0x000000070a200000|100%| S|CS|TAMS 0x000000070a000000, 0x000000070a000000| Complete 
| 127|0x0000000710800000, 0x0000000710a00000, 0x0000000710a00000|100%| E|CS|TAMS 0x0000000710800000, 0x0000000710800000| Complete 

Card table byte_map: [0x000002bffe3f0000,0x000002bffebf0000] _byte_map_base: 0x000002bffabeb000

Marking Bits (Prev, Next): (CMBitMap*) 0x000002bffdb83520, (CMBitMap*) 0x000002bffdb834e0
 Prev Bits: [0x000002bf9b410000, 0x000002bf9f3e8000)
 Next Bits: [0x000002bf97430000, 0x000002bf9b408000)

Polling page: 0x000002bffd2f0000

Metaspace:

Usage:
  Non-class:     18.78 MB capacity,    18.54 MB ( 99%) used,   217.63 KB (  1%) free+waste,    32.50 KB ( <1%) overhead. 
      Class:      2.62 MB capacity,     2.52 MB ( 96%) used,    88.83 KB (  3%) free+waste,    13.13 KB ( <1%) overhead. 
       Both:     21.40 MB capacity,    21.06 MB ( 98%) used,   306.46 KB (  1%) free+waste,    45.63 KB ( <1%) overhead. 

Virtual space:
  Non-class space:       20.00 MB reserved,      18.92 MB ( 95%) committed 
      Class space:        1.00 GB reserved,       2.63 MB ( <1%) committed 
             Both:        1.02 GB reserved,      21.55 MB (  2%) committed 

Chunk freelists:
   Non-Class:  30.00 KB
       Class:  4.00 KB
        Both:  34.00 KB

MaxMetaspaceSize: 17179869184.00 GB
CompressedClassSpaceSize: 1.00 GB

CodeHeap 'non-profiled nmethods': size=120000Kb used=1327Kb max_used=1327Kb free=118672Kb
 bounds [0x000002bf8ff00000, 0x000002bf90170000, 0x000002bf97430000]
CodeHeap 'profiled nmethods': size=120000Kb used=6342Kb max_used=6342Kb free=113657Kb
 bounds [0x000002bf889d0000, 0x000002bf89010000, 0x000002bf8ff00000]
CodeHeap 'non-nmethods': size=5760Kb used=1226Kb max_used=1276Kb free=4533Kb
 bounds [0x000002bf88430000, 0x000002bf886a0000, 0x000002bf889d0000]
 total_blobs=3327 nmethods=2833 adapters=406
 compilation: enabled
              stopped_count=0, restarted_count=0
 full_count=0

Compilation events (20 events):
Event: 4.060 Thread 0x000002bfff9384a0 2816       3       java.util.zip.ZipFile$Source$Key::equals (93 bytes)
Event: 4.061 Thread 0x000002bfff9384a0 nmethod 2816 0x000002bf88ffa390 code [0x000002bf88ffa620, 0x000002bf88ffb438]
Event: 4.061 Thread 0x000002bfff9384a0 2817       3       java.nio.file.attribute.FileTime::equals (28 bytes)
Event: 4.061 Thread 0x000002bfff9384a0 nmethod 2817 0x000002bf88ffb890 code [0x000002bf88ffba40, 0x000002bf88ffbe28]
Event: 4.061 Thread 0x000002bfff9384a0 2818       3       java.nio.file.attribute.FileTime::compareTo (154 bytes)
Event: 4.062 Thread 0x000002bfff9384a0 nmethod 2818 0x000002bf88ffbf10 code [0x000002bf88ffc240, 0x000002bf88ffd0d8]
Event: 4.064 Thread 0x000002bfa2477850 2819 %     4       java.io.WinNTFileSystem::normalize @ 58 (224 bytes)
Event: 4.064 Thread 0x000002bfff9384a0 2820       3       org.springframework.core.io.UrlResource::hashCode (8 bytes)
Event: 4.064 Thread 0x000002bfff9384a0 nmethod 2820 0x000002bf88ffd690 code [0x000002bf88ffd840, 0x000002bf88ffdbe8]
Event: 4.065 Thread 0x000002bfff9384a0 2821   !   3       org.springframework.core.type.classreading.CachingMetadataReaderFactory::getMetadataReader (115 bytes)
Event: 4.065 Thread 0x000002bfff937900 2822       4       java.util.LinkedHashMap::get (29 bytes)
Event: 4.065 Thread 0x000002bfff9384a0 nmethod 2821 0x000002bf88ffdd90 code [0x000002bf88ffe020, 0x000002bf88ffef78]
Event: 4.066 Thread 0x000002bfff9384a0 2823       3       org.springframework.context.annotation.ClassPathScanningCandidateComponentProvider::isCandidateComponent (102 bytes)
Event: 4.067 Thread 0x000002bfff9384a0 nmethod 2823 0x000002bf88fff490 code [0x000002bf88fff7a0, 0x000002bf89000c08]
Event: 4.067 Thread 0x000002bfff9384a0 2824       3       org.springframework.context.annotation.ComponentScanAnnotationParser$1::matchClassName (9 bytes)
Event: 4.067 Thread 0x000002bfff9384a0 nmethod 2824 0x000002bf89001110 code [0x000002bf890012c0, 0x000002bf89001408]
Event: 4.068 Thread 0x000002bfff9384a0 2825       3       jdk.internal.perf.PerfCounter::addElapsedTimeFrom (10 bytes)
Event: 4.068 Thread 0x000002bfff9384a0 nmethod 2825 0x000002bf89001510 code [0x000002bf890016c0, 0x000002bf89001848]
Event: 4.069 Thread 0x000002bfff9384a0 2826       3       org.springframework.asm.ClassReader::readCode (5085 bytes)
Event: 4.071 Thread 0x000002bfff937900 nmethod 2822 0x000002bf90045990 code [0x000002bf90045b40, 0x000002bf90046078]

GC Heap History (8 events):
Event: 0.679 GC heap before
{Heap before GC invocations=0 (full 0):
 garbage-first heap   total 262144K, used 10240K [0x0000000700a00000, 0x0000000800000000)
  region size 2048K, 6 young (12288K), 0 survivors (0K)
 Metaspace       used 641K, capacity 4483K, committed 4864K, reserved 1056768K
  class space    used 43K, capacity 385K, committed 512K, reserved 1048576K
}
Event: 0.683 GC heap after
{Heap after GC invocations=1 (full 0):
 garbage-first heap   total 262144K, used 7403K [0x0000000700a00000, 0x0000000800000000)
  region size 2048K, 1 young (2048K), 1 survivors (2048K)
 Metaspace       used 641K, capacity 4483K, committed 4864K, reserved 1056768K
  class space    used 43K, capacity 385K, committed 512K, reserved 1048576K
}
Event: 1.158 GC heap before
{Heap before GC invocations=1 (full 0):
 garbage-first heap   total 262144K, used 17643K [0x0000000700a00000, 0x0000000800000000)
  region size 2048K, 6 young (12288K), 1 survivors (2048K)
 Metaspace       used 4225K, capacity 6085K, committed 6272K, reserved 1056768K
  class space    used 439K, capacity 599K, committed 640K, reserved 1048576K
}
Event: 1.162 GC heap after
{Heap after GC invocations=2 (full 0):
 garbage-first heap   total 262144K, used 9330K [0x0000000700a00000, 0x0000000800000000)
  region size 2048K, 1 young (2048K), 1 survivors (2048K)
 Metaspace       used 4225K, capacity 6085K, committed 6272K, reserved 1056768K
  class space    used 439K, capacity 599K, committed 640K, reserved 1048576K
}
Event: 1.230 GC heap before
{Heap before GC invocations=2 (full 0):
 garbage-first heap   total 262144K, used 23666K [0x0000000700a00000, 0x0000000800000000)
  region size 2048K, 9 young (18432K), 1 survivors (2048K)
 Metaspace       used 4339K, capacity 6085K, committed 6272K, reserved 1056768K
  class space    used 449K, capacity 599K, committed 640K, reserved 1048576K
}
Event: 1.232 GC heap after
{Heap after GC invocations=3 (full 0):
 garbage-first heap   total 262144K, used 9550K [0x0000000700a00000, 0x0000000800000000)
  region size 2048K, 2 young (4096K), 2 survivors (4096K)
 Metaspace       used 4339K, capacity 6085K, committed 6272K, reserved 1056768K
  class space    used 449K, capacity 599K, committed 640K, reserved 1048576K
}
Event: 3.582 GC heap before
{Heap before GC invocations=3 (full 0):
 garbage-first heap   total 262144K, used 107854K [0x0000000700a00000, 0x0000000800000000)
  region size 2048K, 52 young (106496K), 2 survivors (4096K)
 Metaspace       used 20840K, capacity 21163K, committed 21296K, reserved 1069056K
  class space    used 2489K, capacity 2606K, committed 2688K, reserved 1048576K
}
Event: 3.590 GC heap after
{Heap after GC invocations=4 (full 0):
 garbage-first heap   total 262144K, used 13858K [0x0000000700a00000, 0x0000000800000000)
  region size 2048K, 4 young (8192K), 4 survivors (8192K)
 Metaspace       used 20840K, capacity 21163K, committed 21296K, reserved 1069056K
  class space    used 2489K, capacity 2606K, committed 2688K, reserved 1048576K
}

Deoptimization events (20 events):
Event: 3.834 Thread 0x000002bfa26578d0 Uncommon trap: trap_request=0xffffffbe fr.pc=0x000002bf90026f90 relative=0x0000000000001c50
Event: 3.834 Thread 0x000002bfa26578d0 Uncommon trap: reason=profile_predicate action=maybe_recompile pc=0x000002bf90026f90 method=jdk.internal.jimage.ImageStringsReader.charsFromByteBuffer([CLjava/nio/ByteBuffer;)V @ 6 c2
Event: 3.834 Thread 0x000002bfa26578d0 DEOPT PACKING pc=0x000002bf90026f90 sp=0x000000cfb66fcfd0
Event: 3.834 Thread 0x000002bfa26578d0 DEOPT UNPACKING pc=0x000002bf8847e42f sp=0x000000cfb66fcd60 mode 2
Event: 3.834 Thread 0x000002bfa26578d0 Uncommon trap: trap_request=0xffffffbe fr.pc=0x000002bf90026f90 relative=0x0000000000001c50
Event: 3.834 Thread 0x000002bfa26578d0 Uncommon trap: reason=profile_predicate action=maybe_recompile pc=0x000002bf90026f90 method=jdk.internal.jimage.ImageStringsReader.charsFromByteBuffer([CLjava/nio/ByteBuffer;)V @ 6 c2
Event: 3.834 Thread 0x000002bfa26578d0 DEOPT PACKING pc=0x000002bf90026f90 sp=0x000000cfb66fcfd0
Event: 3.834 Thread 0x000002bfa26578d0 DEOPT UNPACKING pc=0x000002bf8847e42f sp=0x000000cfb66fcd60 mode 2
Event: 3.834 Thread 0x000002bfa26578d0 Uncommon trap: trap_request=0xffffffbe fr.pc=0x000002bf90026f90 relative=0x0000000000001c50
Event: 3.834 Thread 0x000002bfa26578d0 Uncommon trap: reason=profile_predicate action=maybe_recompile pc=0x000002bf90026f90 method=jdk.internal.jimage.ImageStringsReader.charsFromByteBuffer([CLjava/nio/ByteBuffer;)V @ 6 c2
Event: 3.834 Thread 0x000002bfa26578d0 DEOPT PACKING pc=0x000002bf90026f90 sp=0x000000cfb66fcfd0
Event: 3.834 Thread 0x000002bfa26578d0 DEOPT UNPACKING pc=0x000002bf8847e42f sp=0x000000cfb66fcd60 mode 2
Event: 3.948 Thread 0x000002bfa26578d0 DEOPT PACKING pc=0x000002bf88d37347 sp=0x000000cfb66fc4d0
Event: 3.948 Thread 0x000002bfa26578d0 DEOPT UNPACKING pc=0x000002bf8847e23f sp=0x000000cfb66fba70 mode 0
Event: 3.957 Thread 0x000002bfa26578d0 DEOPT PACKING pc=0x000002bf88a4d704 sp=0x000000cfb66fcd90
Event: 3.957 Thread 0x000002bfa26578d0 DEOPT UNPACKING pc=0x000002bf8847e23f sp=0x000000cfb66fc310 mode 0
Event: 4.066 Thread 0x000002bfa26578d0 Uncommon trap: trap_request=0xffffff45 fr.pc=0x000002bf90035798 relative=0x0000000000002e18
Event: 4.066 Thread 0x000002bfa26578d0 Uncommon trap: reason=unstable_if action=reinterpret pc=0x000002bf90035798 method=org.springframework.asm.ClassReader.readCode(Lorg/springframework/asm/MethodVisitor;Lorg/springframework/asm/Context;I)V @ 98 c2
Event: 4.066 Thread 0x000002bfa26578d0 DEOPT PACKING pc=0x000002bf90035798 sp=0x000000cfb66fce10
Event: 4.066 Thread 0x000002bfa26578d0 DEOPT UNPACKING pc=0x000002bf8847e42f sp=0x000000cfb66fcd28 mode 2

Classes unloaded (0 events):
No events

Classes redefined (0 events):
No events

Internal exceptions (20 events):
Event: 2.449 Thread 0x000002bfa26578d0 Exception <a 'java/lang/ClassNotFoundException'{0x000000070bcf9bd8}: org/springframework/context/annotation/ConfigurationClassPostProcessorCustomizer> (0x000000070bcf9bd8) 
thrown [./src/hotspot/share/classfile/systemDictionary.cpp, line 295]
Event: 2.463 Thread 0x000002bfa26578d0 Exception <a 'java/lang/ClassNotFoundException'{0x000000070ba40c08}: org/springframework/beans/factory/support/BeanDefinitionRegistryPostProcessorCustomizer> (0x000000070ba40c08) 
thrown [./src/hotspot/share/classfile/systemDictionary.cpp, line 295]
Event: 2.463 Thread 0x000002bfa26578d0 Exception <a 'java/lang/ClassNotFoundException'{0x000000070ba46118}: org/springframework/beans/factory/config/BeanFactoryPostProcessorCustomizer> (0x000000070ba46118) 
thrown [./src/hotspot/share/classfile/systemDictionary.cpp, line 295]
Event: 2.464 Thread 0x000002bfa26578d0 Exception <a 'java/lang/ClassNotFoundException'{0x000000070ba4b428}: org/springframework/core/PriorityOrderedCustomizer> (0x000000070ba4b428) 
thrown [./src/hotspot/share/classfile/systemDictionary.cpp, line 295]
Event: 2.464 Thread 0x000002bfa26578d0 Exception <a 'java/lang/ClassNotFoundException'{0x000000070ba4f388}: org/springframework/core/OrderedCustomizer> (0x000000070ba4f388) 
thrown [./src/hotspot/share/classfile/systemDictionary.cpp, line 295]
Event: 2.465 Thread 0x000002bfa26578d0 Exception <a 'java/lang/ClassNotFoundException'{0x000000070ba544f8}: org/springframework/context/ResourceLoaderAwareCustomizer> (0x000000070ba544f8) 
thrown [./src/hotspot/share/classfile/systemDictionary.cpp, line 295]
Event: 2.466 Thread 0x000002bfa26578d0 Exception <a 'java/lang/ClassNotFoundException'{0x000000070ba59790}: org/springframework/beans/factory/AwareCustomizer> (0x000000070ba59790) 
thrown [./src/hotspot/share/classfile/systemDictionary.cpp, line 295]
Event: 2.466 Thread 0x000002bfa26578d0 Exception <a 'java/lang/ClassNotFoundException'{0x000000070ba5daf8}: org/springframework/beans/factory/BeanClassLoaderAwareCustomizer> (0x000000070ba5daf8) 
thrown [./src/hotspot/share/classfile/systemDictionary.cpp, line 295]
Event: 2.467 Thread 0x000002bfa26578d0 Exception <a 'java/lang/ClassNotFoundException'{0x000000070ba62da8}: org/springframework/beans/factory/AwareCustomizer> (0x000000070ba62da8) 
thrown [./src/hotspot/share/classfile/systemDictionary.cpp, line 295]
Event: 2.467 Thread 0x000002bfa26578d0 Exception <a 'java/lang/ClassNotFoundException'{0x000000070ba66e38}: org/springframework/context/EnvironmentAwareCustomizer> (0x000000070ba66e38) 
thrown [./src/hotspot/share/classfile/systemDictionary.cpp, line 295]
Event: 2.468 Thread 0x000002bfa26578d0 Exception <a 'java/lang/ClassNotFoundException'{0x000000070ba6c038}: org/springframework/beans/factory/AwareCustomizer> (0x000000070ba6c038) 
thrown [./src/hotspot/share/classfile/systemDictionary.cpp, line 295]
Event: 2.602 Thread 0x000002bfa26578d0 Exception <a 'java/lang/NoSuchMethodError'{0x000000070b87e800}: 'int java.lang.invoke.DirectMethodHandle$Holder.invokeStatic(java.lang.Object, java.lang.Object, java.lang.Object, java.lang.Object)'> (0x000000070b87e800) 
thrown [./src/hotspot/share/interpreter/linkResolver.cpp, line 782]
Event: 2.604 Thread 0x000002bfa26578d0 Exception <a 'java/lang/NoSuchMethodError'{0x000000070b882358}: 'java.lang.Object java.lang.invoke.Invokers$Holder.invokeExact_MT(java.lang.Object, java.lang.Object, java.lang.Object, java.lang.Object, java.lang.Object, java.lang.Object)'> (0x000000070b882358) 
thrown [./src/hotspot/share/interpreter/linkResolver.cpp, line 782]
Event: 2.745 Thread 0x000002bfa2657da0 Exception <a 'java/lang/NoSuchMethodError'{0x000000070b30efa8}: 'long java.lang.invoke.DirectMethodHandle$Holder.invokeSpecial(java.lang.Object, java.lang.Object)'> (0x000000070b30efa8) 
thrown [./src/hotspot/share/interpreter/linkResolver.cpp, line 782]
Event: 2.747 Thread 0x000002bfa2657da0 Exception <a 'java/lang/NoSuchMethodError'{0x000000070b31a8d8}: 'long java.lang.invoke.DirectMethodHandle$Holder.invokeStatic(java.lang.Object, java.lang.Object)'> (0x000000070b31a8d8) 
thrown [./src/hotspot/share/interpreter/linkResolver.cpp, line 782]
Event: 2.747 Thread 0x000002bfa2657da0 Exception <a 'java/lang/NoSuchMethodError'{0x000000070b31e0b8}: 'long java.lang.invoke.DirectMethodHandle$Holder.invokeStaticInit(java.lang.Object, java.lang.Object)'> (0x000000070b31e0b8) 
thrown [./src/hotspot/share/interpreter/linkResolver.cpp, line 782]
Event: 2.749 Thread 0x000002bfa2657da0 Exception <a 'java/lang/NoSuchMethodError'{0x000000070b32c4d8}: 'long java.lang.invoke.DirectMethodHandle$Holder.invokeInterface(java.lang.Object, java.lang.Object)'> (0x000000070b32c4d8) 
thrown [./src/hotspot/share/interpreter/linkResolver.cpp, line 782]
Event: 2.750 Thread 0x000002bfa2657da0 Exception <a 'java/lang/IncompatibleClassChangeError'{0x000000070b32fc38}: Found class java.lang.Object, but interface was expected> (0x000000070b32fc38) 
thrown [./src/hotspot/share/interpreter/linkResolver.cpp, line 848]
Event: 2.780 Thread 0x000002bfa2657da0 Exception <a 'java/lang/NoSuchMethodError'{0x000000070b39de48}: 'java.lang.Object java.lang.invoke.DirectMethodHandle$Holder.invokeVirtual(java.lang.Object, java.lang.Object, java.lang.Object, java.lang.Object)'> (0x000000070b39de48) 
thrown [./src/hotspot/share/interpreter/linkResolver.cpp, line 782]
Event: 3.527 Thread 0x000002bfa2657da0 Exception <a 'java/lang/IncompatibleClassChangeError'{0x000000070a209898}: Found class java.lang.Object, but interface was expected> (0x000000070a209898) 
thrown [./src/hotspot/share/interpreter/linkResolver.cpp, line 848]

Events (20 events):
Event: 3.779 loading class jdk/jfr/FlightRecorder done
Event: 3.779 loading class javax/management/NotificationListener
Event: 3.779 loading class javax/management/NotificationListener done
Event: 3.779 loading class javax/management/NotificationFilter
Event: 3.779 loading class javax/management/NotificationFilter done
Event: 3.779 loading class jdk/management/jfr/FlightRecorderMXBeanImpl$MXBeanListener
Event: 3.779 loading class jdk/jfr/FlightRecorderListener
Event: 3.779 loading class jdk/jfr/FlightRecorderListener done
Event: 3.779 loading class jdk/management/jfr/FlightRecorderMXBeanImpl$MXBeanListener done
Event: 3.780 loading class javax/management/ListenerNotFoundException
Event: 3.780 loading class javax/management/ListenerNotFoundException done
Event: 3.799 Thread 0x000002bfa2657da0 Thread exited: 0x000002bfa2657da0
Event: 3.918 loading class java/net/HttpURLConnection
Event: 3.918 loading class java/net/HttpURLConnection done
Event: 4.046 Executing VM operation: ICBufferFull
Event: 4.046 Executing VM operation: ICBufferFull done
Event: 4.046 Executing VM operation: HandshakeAllThreads
Event: 4.046 Executing VM operation: HandshakeAllThreads done
Event: 4.066 Executing VM operation: HandshakeAllThreads
Event: 4.066 Executing VM operation: HandshakeAllThreads done


Dynamic libraries:
0x00007ff633070000 - 0x00007ff63307d000 	C:\Users\lucas\.jdks\corretto-15.0.2\bin\java.exe
0x00007ffd62f90000 - 0x00007ffd631a7000 	C:\WINDOWS\SYSTEM32\ntdll.dll
0x00007ffd622e0000 - 0x00007ffd623a4000 	C:\WINDOWS\System32\KERNEL32.DLL
0x00007ffd60270000 - 0x00007ffd60640000 	C:\WINDOWS\System32\KERNELBASE.dll
0x00007ffd608f0000 - 0x00007ffd60a01000 	C:\WINDOWS\System32\ucrtbase.dll
0x00007ffd52070000 - 0x00007ffd52088000 	C:\Users\lucas\.jdks\corretto-15.0.2\bin\jli.dll
0x00007ffd62070000 - 0x00007ffd6221e000 	C:\WINDOWS\System32\USER32.dll
0x00007ffd60240000 - 0x00007ffd60266000 	C:\WINDOWS\System32\win32u.dll
0x00007ffd60c80000 - 0x00007ffd60ca9000 	C:\WINDOWS\System32\GDI32.dll
0x00007ffd60ac0000 - 0x00007ffd60bdb000 	C:\WINDOWS\System32\gdi32full.dll
0x00007ffd60be0000 - 0x00007ffd60c7a000 	C:\WINDOWS\System32\msvcp_win.dll
0x00007ffd51d90000 - 0x00007ffd51da5000 	C:\Users\lucas\.jdks\corretto-15.0.2\bin\VCRUNTIME140.dll
0x00007ffd4a550000 - 0x00007ffd4a7e2000 	C:\WINDOWS\WinSxS\amd64_microsoft.windows.common-controls_6595b64144ccf1df_6.0.22621.4830_none_270fe7d773858e80\COMCTL32.dll
0x00007ffd60f70000 - 0x00007ffd61017000 	C:\WINDOWS\System32\msvcrt.dll
0x00007ffd61020000 - 0x00007ffd61051000 	C:\WINDOWS\System32\IMM32.DLL
0x00007ffd1ee90000 - 0x00007ffd1ef2b000 	C:\Users\lucas\.jdks\corretto-15.0.2\bin\msvcp140.dll
0x00007ffcedaf0000 - 0x00007ffcee681000 	C:\Users\lucas\.jdks\corretto-15.0.2\bin\server\jvm.dll
0x00007ffd62220000 - 0x00007ffd622d1000 	C:\WINDOWS\System32\ADVAPI32.dll
0x00007ffd61a40000 - 0x00007ffd61ae7000 	C:\WINDOWS\System32\sechost.dll
0x00007ffd60a90000 - 0x00007ffd60ab8000 	C:\WINDOWS\System32\bcrypt.dll
0x00007ffd61920000 - 0x00007ffd61a34000 	C:\WINDOWS\System32\RPCRT4.dll
0x00007ffd623b0000 - 0x00007ffd623b8000 	C:\WINDOWS\System32\PSAPI.DLL
0x00007ffd508b0000 - 0x00007ffd508b9000 	C:\WINDOWS\SYSTEM32\WSOCK32.dll
0x00007ffd616d0000 - 0x00007ffd61741000 	C:\WINDOWS\System32\WS2_32.dll
0x00007ffd568d0000 - 0x00007ffd56904000 	C:\WINDOWS\SYSTEM32\WINMM.dll
0x00007ffd56910000 - 0x00007ffd5691a000 	C:\WINDOWS\SYSTEM32\VERSION.dll
0x00007ffd5f2f0000 - 0x00007ffd5f308000 	C:\WINDOWS\SYSTEM32\kernel.appcore.dll
0x00007ffd5c650000 - 0x00007ffd5c65a000 	C:\Users\lucas\.jdks\corretto-15.0.2\bin\jimage.dll
0x00007ffd50a50000 - 0x00007ffd50c82000 	C:\WINDOWS\SYSTEM32\DBGHELP.DLL
0x00007ffd61af0000 - 0x00007ffd61e80000 	C:\WINDOWS\System32\combase.dll
0x00007ffd60e90000 - 0x00007ffd60f67000 	C:\WINDOWS\System32\OLEAUT32.dll
0x00007ffd41d80000 - 0x00007ffd41db2000 	C:\WINDOWS\SYSTEM32\dbgcore.DLL
0x00007ffd60a10000 - 0x00007ffd60a8b000 	C:\WINDOWS\System32\bcryptPrimitives.dll
0x00007ffd52b80000 - 0x00007ffd52b8e000 	C:\Users\lucas\.jdks\corretto-15.0.2\bin\instrument.dll
0x00007ffd4a050000 - 0x00007ffd4a075000 	C:\Users\lucas\.jdks\corretto-15.0.2\bin\java.dll
0x00007ffd62560000 - 0x00007ffd62dd8000 	C:\WINDOWS\System32\SHELL32.dll
0x00007ffd5e180000 - 0x00007ffd5ea90000 	C:\WINDOWS\SYSTEM32\windows.storage.dll
0x00007ffd5e040000 - 0x00007ffd5e17f000 	C:\WINDOWS\SYSTEM32\wintypes.dll
0x00007ffd62450000 - 0x00007ffd6255a000 	C:\WINDOWS\System32\SHCORE.dll
0x00007ffd61750000 - 0x00007ffd617ae000 	C:\WINDOWS\System32\shlwapi.dll
0x00007ffd60170000 - 0x00007ffd6019b000 	C:\WINDOWS\SYSTEM32\profapi.dll
0x00007ffd4a0b0000 - 0x00007ffd4a0c8000 	C:\Users\lucas\.jdks\corretto-15.0.2\bin\zip.dll
0x00007ffd3f8a0000 - 0x00007ffd3f8b9000 	C:\Users\lucas\.jdks\corretto-15.0.2\bin\net.dll
0x00007ffd5c3a0000 - 0x00007ffd5c4cc000 	C:\WINDOWS\SYSTEM32\WINHTTP.dll
0x00007ffd5f7f0000 - 0x00007ffd5f85a000 	C:\WINDOWS\system32\mswsock.dll
0x00007ffd3f680000 - 0x00007ffd3f692000 	C:\Users\lucas\.jdks\corretto-15.0.2\bin\nio.dll
0x00007ffd526a0000 - 0x00007ffd526b0000 	C:\Users\lucas\.jdks\corretto-15.0.2\bin\verify.dll
0x00007ffd52430000 - 0x00007ffd52439000 	C:\Users\lucas\.jdks\corretto-15.0.2\bin\management.dll
0x00007ffd52300000 - 0x00007ffd5230b000 	C:\Users\lucas\.jdks\corretto-15.0.2\bin\management_ext.dll
0x00007ffd4e500000 - 0x00007ffd4e517000 	C:\WINDOWS\system32\napinsp.dll
0x00007ffd4e450000 - 0x00007ffd4e46b000 	C:\WINDOWS\system32\pnrpnsp.dll
0x00007ffd5ed60000 - 0x00007ffd5ee62000 	C:\WINDOWS\SYSTEM32\DNSAPI.dll
0x00007ffd5ecf0000 - 0x00007ffd5ed1d000 	C:\WINDOWS\SYSTEM32\IPHLPAPI.DLL
0x00007ffd616c0000 - 0x00007ffd616c9000 	C:\WINDOWS\System32\NSI.dll
0x00007ffd4e410000 - 0x00007ffd4e421000 	C:\WINDOWS\System32\winrnr.dll
0x00007ffd4de00000 - 0x00007ffd4de15000 	C:\WINDOWS\system32\wshbth.dll
0x00007ffd4e3b0000 - 0x00007ffd4e3d7000 	C:\WINDOWS\system32\nlansp_c.dll
0x00007ffd582a0000 - 0x00007ffd582aa000 	C:\Windows\System32\rasadhlp.dll
0x00007ffd5a2f0000 - 0x00007ffd5a373000 	C:\WINDOWS\System32\fwpuclnt.dll

dbghelp: loaded successfully - version: 4.0.5 - missing functions: none
symbol engine: initialized successfully - sym options: 0x614 - pdb path: .;C:\Users\lucas\.jdks\corretto-15.0.2\bin;C:\WINDOWS\SYSTEM32;C:\WINDOWS\WinSxS\amd64_microsoft.windows.common-controls_6595b64144ccf1df_6.0.22621.4830_none_270fe7d773858e80;C:\Users\lucas\.jdks\corretto-15.0.2\bin\server

VM Arguments:
jvm_args: -javaagent:E:\Estudos\ideaIC-2024.3.2.2.win\lib\idea_rt.jar=56841 -Dfile.encoding=UTF-8 
java_command: com.algaworks.algafood.AlgafoodApiApplication
java_class_path (initial): E:\Estudos\Algaworks\Spring Rest\Intellij\workspace\algafood-api\target\classes;C:\Users\lucas\.m2\repository\org\springframework\boot\spring-boot-starter-web\2.1.7.RELEASE\spring-boot-starter-web-2.1.7.RELEASE.jar;C:\Users\lucas\.m2\repository\org\springframework\boot\spring-boot-starter\2.1.7.RELEASE\spring-boot-starter-2.1.7.RELEASE.jar;C:\Users\lucas\.m2\repository\org\springframework\boot\spring-boot-starter-logging\2.1.7.RELEASE\spring-boot-starter-logging-2.1.7.RELEASE.jar;C:\Users\lucas\.m2\repository\ch\qos\logback\logback-classic\1.2.3\logback-classic-1.2.3.jar;C:\Users\lucas\.m2\repository\ch\qos\logback\logback-core\1.2.3\logback-core-1.2.3.jar;C:\Users\lucas\.m2\repository\org\apache\logging\log4j\log4j-to-slf4j\2.11.2\log4j-to-slf4j-2.11.2.jar;C:\Users\lucas\.m2\repository\org\apache\logging\log4j\log4j-api\2.11.2\log4j-api-2.11.2.jar;C:\Users\lucas\.m2\repository\org\slf4j\jul-to-slf4j\1.7.26\jul-to-slf4j-1.7.26.jar;C:\Users\lucas\.m2\repository\javax\annotation\javax.annotation-api\1.3.2\javax.annotation-api-1.3.2.jar;C:\Users\lucas\.m2\repository\org\yaml\snakeyaml\1.23\snakeyaml-1.23.jar;C:\Users\lucas\.m2\repository\org\springframework\boot\spring-boot-starter-json\2.1.7.RELEASE\spring-boot-starter-json-2.1.7.RELEASE.jar;C:\Users\lucas\.m2\repository\com\fasterxml\jackson\datatype\jackson-datatype-jdk8\2.9.9\jackson-datatype-jdk8-2.9.9.jar;C:\Users\lucas\.m2\repository\com\fasterxml\jackson\datatype\jackson-datatype-jsr310\2.9.9\jackson-datatype-jsr310-2.9.9.jar;C:\Users\lucas\.m2\repository\com\fasterxml\jackson\module\jackson-module-parameter-names\2.9.9\jackson-module-parameter-names-2.9.9.jar;C:\Users\lucas\.m2\repository\org\springframework\boot\spring-boot-starter-tomcat\2.1.7.RELEASE\spring-boot-starter-tomcat-2.1.7.RELEASE.jar;C:\Users\lucas\.m2\repository\org\apache\tomcat\embed\tomcat-embed-core\9.0.22\tomcat-embed-core-9.0.22.jar;C:\Users\lucas\.m2\repository\org\apache\tomcat\embed\tomcat-embed-el\9.0.22\to
Launcher Type: SUN_STANDARD

[Global flags]
     intx CICompilerCount                          = 3                                         {product} {ergonomic}
     uint ConcGCThreads                            = 1                                         {product} {ergonomic}
     uint G1ConcRefinementThreads                  = 4                                         {product} {ergonomic}
   size_t G1HeapRegionSize                         = 2097152                                   {product} {ergonomic}
    uintx GCDrainStackTargetSize                   = 64                                        {product} {ergonomic}
   size_t InitialHeapSize                          = 268435456                                 {product} {ergonomic}
   size_t MarkStackSize                            = 4194304                                   {product} {ergonomic}
   size_t MaxHeapSize                              = 4284481536                                {product} {ergonomic}
   size_t MaxNewSize                               = 2569011200                                {product} {ergonomic}
   size_t MinHeapDeltaBytes                        = 2097152                                   {product} {ergonomic}
   size_t MinHeapSize                              = 8388608                                   {product} {ergonomic}
    uintx NonNMethodCodeHeapSize                   = 5832780                                {pd product} {ergonomic}
    uintx NonProfiledCodeHeapSize                  = 122912730                              {pd product} {ergonomic}
    uintx ProfiledCodeHeapSize                     = 122912730                              {pd product} {ergonomic}
    uintx ReservedCodeCacheSize                    = 251658240                              {pd product} {ergonomic}
     bool SegmentedCodeCache                       = true                                      {product} {ergonomic}
   size_t SoftMaxHeapSize                          = 4284481536                             {manageable} {ergonomic}
     bool UseCompressedClassPointers               = true                                 {lp64_product} {ergonomic}
     bool UseCompressedOops                        = true                                 {lp64_product} {ergonomic}
     bool UseG1GC                                  = true                                      {product} {ergonomic}
     bool UseLargePagesIndividualAllocation        = false                                  {pd product} {ergonomic}

Logging:
Log output configuration:
 #0: stdout all=warning uptime,level,tags
 #1: stderr all=off uptime,level,tags

Environment Variables:
JAVA_HOME=C:\Users\lucas\.sdkman\candidates\java\current
PATH=C:\WINDOWS\system32;C:\WINDOWS;C:\WINDOWS\System32\Wbem;C:\WINDOWS\System32\WindowsPowerShell\v1.0\;C:\Program Files (x86)\ATI Technologies\ATI.ACE\Core-Static;C:\WINDOWS\System32\OpenSSH\;C:\Program Files (x86)\Microsoft SQL Server\160\DTS\Binn\;C:\Program Files\Azure Data Studio\bin;C:\Program Files (x86)\AMD\ATI.ACE\Core-Static;C:\Users\lucas\.sdkman\candidates\java\current\bin;C:\Program Files\Git\cmd;C:\Program Files\Docker\Docker\resources\bin;C:\Program Files\apache-maven-3.9.9\bin;C:\Users\lucas\AppData\Local\Microsoft\WindowsApps;C:\Users\lucas\AppData\Local\Programs\Microsoft VS Code\bin;C:\Program Files\Azure Data Studio\bin;C:\Users\lucas\.sdkman\candidates\java\current\bin;
USERNAME=lucas
OS=Windows_NT
PROCESSOR_IDENTIFIER=Intel64 Family 6 Model 58 Stepping 9, GenuineIntel



---------------  S Y S T E M  ---------------

OS:
 Windows 10 , 64 bit Build 22621 (10.0.22621.4830)
OS uptime: 5 days 0:47 hours
HyperV virtualization detected

CPU: total 4 (initial active 4) (4 cores per cpu, 1 threads per core) family 6 model 58 stepping 9 microcode 0x21, cmov, cx8, fxsr, mmx, sse, sse2, sse3, ssse3, sse4.1, sse4.2, popcnt, vzeroupper, avx, aes, clmul, erms, tsc, tscinvbit, tscinv, clflush

Memory: 4k page, system-wide physical 16339M (4898M free)
TotalPageFile size 20845M (AvailPageFile size 3046M)
current process WorkingSet (physical memory assigned to process): 135M, peak: 211M
current process commit charge ("private bytes"): 198M, peak: 398M

vm_info: OpenJDK 64-Bit Server VM (15.0.2+7) for windows-amd64 JRE (15.0.2+7), built on Jan 20 2021 22:17:45 by "Administrator" with MS VC++ 15.9 (VS2017)

END.
